{"/home/nikolos/frontend-project-lvl2/src/diffGenerator.js": {"path":"/home/nikolos/frontend-project-lvl2/src/diffGenerator.js","all":false,"statementMap":{"0":{"start":{"line":1,"column":0},"end":{"line":1,"column":23}},"1":{"start":{"line":2,"column":0},"end":{"line":2,"column":0}},"2":{"start":{"line":3,"column":0},"end":{"line":3,"column":35}},"3":{"start":{"line":4,"column":0},"end":{"line":4,"column":37}},"4":{"start":{"line":5,"column":0},"end":{"line":5,"column":37}},"5":{"start":{"line":6,"column":0},"end":{"line":6,"column":53}},"6":{"start":{"line":7,"column":0},"end":{"line":7,"column":39}},"7":{"start":{"line":8,"column":0},"end":{"line":8,"column":28}},"8":{"start":{"line":9,"column":0},"end":{"line":9,"column":60}},"9":{"start":{"line":10,"column":0},"end":{"line":10,"column":5}},"10":{"start":{"line":11,"column":0},"end":{"line":11,"column":28}},"11":{"start":{"line":12,"column":0},"end":{"line":12,"column":62}},"12":{"start":{"line":13,"column":0},"end":{"line":13,"column":5}},"13":{"start":{"line":14,"column":0},"end":{"line":14,"column":57}},"14":{"start":{"line":15,"column":0},"end":{"line":15,"column":14}},"15":{"start":{"line":16,"column":0},"end":{"line":16,"column":76}},"16":{"start":{"line":17,"column":0},"end":{"line":17,"column":8}},"17":{"start":{"line":18,"column":0},"end":{"line":18,"column":5}},"18":{"start":{"line":19,"column":0},"end":{"line":19,"column":42}},"19":{"start":{"line":20,"column":0},"end":{"line":20,"column":64}},"20":{"start":{"line":21,"column":0},"end":{"line":21,"column":5}},"21":{"start":{"line":22,"column":0},"end":{"line":22,"column":12}},"22":{"start":{"line":23,"column":0},"end":{"line":23,"column":71}},"23":{"start":{"line":24,"column":0},"end":{"line":24,"column":6}},"24":{"start":{"line":25,"column":0},"end":{"line":25,"column":5}},"25":{"start":{"line":26,"column":0},"end":{"line":26,"column":16}},"26":{"start":{"line":27,"column":0},"end":{"line":27,"column":2}},"27":{"start":{"line":28,"column":0},"end":{"line":28,"column":25}}},"s":{"0":1,"1":1,"2":1,"3":30,"4":30,"5":30,"6":30,"7":108,"8":30,"9":30,"10":108,"11":12,"12":12,"13":108,"14":24,"15":24,"16":24,"17":24,"18":108,"19":18,"20":18,"21":24,"22":24,"23":24,"24":24,"25":30,"26":30,"27":1},"branchMap":{"0":{"type":"branch","line":3,"loc":{"start":{"line":3,"column":18},"end":{"line":27,"column":2}},"locations":[{"start":{"line":3,"column":18},"end":{"line":27,"column":2}}]},"1":{"type":"branch","line":7,"loc":{"start":{"line":7,"column":30},"end":{"line":25,"column":5}},"locations":[{"start":{"line":7,"column":30},"end":{"line":25,"column":5}}]},"2":{"type":"branch","line":8,"loc":{"start":{"line":8,"column":27},"end":{"line":10,"column":5}},"locations":[{"start":{"line":8,"column":27},"end":{"line":10,"column":5}}]},"3":{"type":"branch","line":11,"loc":{"start":{"line":11,"column":-1},"end":{"line":11,"column":8}},"locations":[{"start":{"line":11,"column":-1},"end":{"line":11,"column":8}}]},"4":{"type":"branch","line":11,"loc":{"start":{"line":11,"column":27},"end":{"line":13,"column":5}},"locations":[{"start":{"line":11,"column":27},"end":{"line":13,"column":5}}]},"5":{"type":"branch","line":14,"loc":{"start":{"line":14,"column":-1},"end":{"line":14,"column":9}},"locations":[{"start":{"line":14,"column":-1},"end":{"line":14,"column":9}}]},"6":{"type":"branch","line":14,"loc":{"start":{"line":14,"column":8},"end":{"line":14,"column":34}},"locations":[{"start":{"line":14,"column":8},"end":{"line":14,"column":34}}]},"7":{"type":"branch","line":14,"loc":{"start":{"line":14,"column":56},"end":{"line":18,"column":5}},"locations":[{"start":{"line":14,"column":56},"end":{"line":18,"column":5}}]},"8":{"type":"branch","line":19,"loc":{"start":{"line":19,"column":-1},"end":{"line":19,"column":8}},"locations":[{"start":{"line":19,"column":-1},"end":{"line":19,"column":8}}]},"9":{"type":"branch","line":19,"loc":{"start":{"line":19,"column":41},"end":{"line":21,"column":5}},"locations":[{"start":{"line":19,"column":41},"end":{"line":21,"column":5}}]},"10":{"type":"branch","line":22,"loc":{"start":{"line":22,"column":-1},"end":{"line":25,"column":5}},"locations":[{"start":{"line":22,"column":-1},"end":{"line":25,"column":5}}]}},"b":{"0":[30],"1":[108],"2":[30],"3":[78],"4":[12],"5":[66],"6":[30],"7":[24],"8":[42],"9":[18],"10":[24]},"fnMap":{"0":{"name":"buildDiff","decl":{"start":{"line":3,"column":18},"end":{"line":27,"column":2}},"loc":{"start":{"line":3,"column":18},"end":{"line":27,"column":2}},"line":3}},"f":{"0":30}}
,"/home/nikolos/frontend-project-lvl2/src/index.js": {"path":"/home/nikolos/frontend-project-lvl2/src/index.js","all":false,"statementMap":{"0":{"start":{"line":1,"column":0},"end":{"line":1,"column":35}},"1":{"start":{"line":2,"column":0},"end":{"line":2,"column":43}},"2":{"start":{"line":3,"column":0},"end":{"line":3,"column":41}},"3":{"start":{"line":4,"column":0},"end":{"line":4,"column":0}},"4":{"start":{"line":5,"column":0},"end":{"line":5,"column":63}},"5":{"start":{"line":6,"column":0},"end":{"line":6,"column":65}},"6":{"start":{"line":7,"column":0},"end":{"line":7,"column":30}},"7":{"start":{"line":8,"column":0},"end":{"line":8,"column":2}},"8":{"start":{"line":9,"column":0},"end":{"line":9,"column":23}}},"s":{"0":1,"1":1,"2":1,"3":1,"4":1,"5":6,"6":6,"7":6,"8":1},"branchMap":{"0":{"type":"branch","line":5,"loc":{"start":{"line":5,"column":16},"end":{"line":8,"column":2}},"locations":[{"start":{"line":5,"column":16},"end":{"line":8,"column":2}}]}},"b":{"0":[6]},"fnMap":{"0":{"name":"gendiff","decl":{"start":{"line":5,"column":16},"end":{"line":8,"column":2}},"loc":{"start":{"line":5,"column":16},"end":{"line":8,"column":2}},"line":5}},"f":{"0":6}}
,"/home/nikolos/frontend-project-lvl2/src/parsers.js": {"path":"/home/nikolos/frontend-project-lvl2/src/parsers.js","all":false,"statementMap":{"0":{"start":{"line":1,"column":0},"end":{"line":1,"column":34}},"1":{"start":{"line":2,"column":0},"end":{"line":2,"column":24}},"2":{"start":{"line":3,"column":0},"end":{"line":3,"column":31}},"3":{"start":{"line":4,"column":0},"end":{"line":4,"column":0}},"4":{"start":{"line":5,"column":0},"end":{"line":5,"column":31}},"5":{"start":{"line":6,"column":0},"end":{"line":6,"column":71}},"6":{"start":{"line":7,"column":0},"end":{"line":7,"column":40}},"7":{"start":{"line":8,"column":0},"end":{"line":8,"column":13}},"8":{"start":{"line":9,"column":0},"end":{"line":9,"column":27}},"9":{"start":{"line":10,"column":0},"end":{"line":10,"column":34}},"10":{"start":{"line":11,"column":0},"end":{"line":11,"column":55}},"11":{"start":{"line":12,"column":0},"end":{"line":12,"column":28}},"12":{"start":{"line":13,"column":0},"end":{"line":13,"column":3}},"13":{"start":{"line":14,"column":0},"end":{"line":14,"column":16}},"14":{"start":{"line":15,"column":0},"end":{"line":15,"column":2}},"15":{"start":{"line":16,"column":0},"end":{"line":16,"column":0}},"16":{"start":{"line":17,"column":0},"end":{"line":17,"column":23}}},"s":{"0":1,"1":1,"2":1,"3":1,"4":1,"5":12,"6":12,"7":12,"8":12,"9":6,"10":6,"11":6,"12":6,"13":12,"14":12,"15":1,"16":1},"branchMap":{"0":{"type":"branch","line":5,"loc":{"start":{"line":5,"column":17},"end":{"line":15,"column":2}},"locations":[{"start":{"line":5,"column":17},"end":{"line":15,"column":2}}]},"1":{"type":"branch","line":9,"loc":{"start":{"line":9,"column":26},"end":{"line":13,"column":3}},"locations":[{"start":{"line":9,"column":26},"end":{"line":13,"column":3}}]},"2":{"type":"branch","line":11,"loc":{"start":{"line":11,"column":13},"end":{"line":11,"column":54}},"locations":[{"start":{"line":11,"column":13},"end":{"line":11,"column":54}}]}},"b":{"0":[12],"1":[6],"2":[0]},"fnMap":{"0":{"name":"parsers","decl":{"start":{"line":5,"column":17},"end":{"line":15,"column":2}},"loc":{"start":{"line":5,"column":17},"end":{"line":15,"column":2}},"line":5}},"f":{"0":12}}
,"/home/nikolos/frontend-project-lvl2/src/formater/index.js": {"path":"/home/nikolos/frontend-project-lvl2/src/formater/index.js","all":false,"statementMap":{"0":{"start":{"line":1,"column":0},"end":{"line":1,"column":35}},"1":{"start":{"line":2,"column":0},"end":{"line":2,"column":31}},"2":{"start":{"line":3,"column":0},"end":{"line":3,"column":29}},"3":{"start":{"line":4,"column":0},"end":{"line":4,"column":0}},"4":{"start":{"line":5,"column":0},"end":{"line":5,"column":38}},"5":{"start":{"line":6,"column":0},"end":{"line":6,"column":23}},"6":{"start":{"line":7,"column":0},"end":{"line":7,"column":19}},"7":{"start":{"line":8,"column":0},"end":{"line":8,"column":27}},"8":{"start":{"line":9,"column":0},"end":{"line":9,"column":17}},"9":{"start":{"line":10,"column":0},"end":{"line":10,"column":25}},"10":{"start":{"line":11,"column":0},"end":{"line":11,"column":16}},"11":{"start":{"line":12,"column":0},"end":{"line":12,"column":24}},"12":{"start":{"line":13,"column":0},"end":{"line":13,"column":12}},"13":{"start":{"line":14,"column":0},"end":{"line":14,"column":67}},"14":{"start":{"line":15,"column":0},"end":{"line":15,"column":3}},"15":{"start":{"line":16,"column":0},"end":{"line":16,"column":2}},"16":{"start":{"line":17,"column":0},"end":{"line":17,"column":22}}},"s":{"0":1,"1":1,"2":1,"3":1,"4":1,"5":6,"6":6,"7":6,"8":6,"9":6,"10":6,"11":6,"12":6,"13":6,"14":6,"15":6,"16":1},"branchMap":{"0":{"type":"branch","line":5,"loc":{"start":{"line":5,"column":15},"end":{"line":16,"column":2}},"locations":[{"start":{"line":5,"column":15},"end":{"line":16,"column":2}}]},"1":{"type":"branch","line":7,"loc":{"start":{"line":7,"column":4},"end":{"line":8,"column":13}},"locations":[{"start":{"line":7,"column":4},"end":{"line":8,"column":13}}]},"2":{"type":"branch","line":9,"loc":{"start":{"line":9,"column":4},"end":{"line":10,"column":13}},"locations":[{"start":{"line":9,"column":4},"end":{"line":10,"column":13}}]},"3":{"type":"branch","line":11,"loc":{"start":{"line":11,"column":4},"end":{"line":12,"column":13}},"locations":[{"start":{"line":11,"column":4},"end":{"line":12,"column":13}}]},"4":{"type":"branch","line":13,"loc":{"start":{"line":13,"column":4},"end":{"line":14,"column":14}},"locations":[{"start":{"line":13,"column":4},"end":{"line":14,"column":14}}]}},"b":{"0":[6],"1":[2],"2":[2],"3":[2],"4":[0]},"fnMap":{"0":{"name":"format","decl":{"start":{"line":5,"column":15},"end":{"line":16,"column":2}},"loc":{"start":{"line":5,"column":15},"end":{"line":16,"column":2}},"line":5}},"f":{"0":6}}
,"/home/nikolos/frontend-project-lvl2/src/formater/json.js": {"path":"/home/nikolos/frontend-project-lvl2/src/formater/json.js","all":false,"statementMap":{"0":{"start":{"line":1,"column":0},"end":{"line":1,"column":53}},"1":{"start":{"line":2,"column":0},"end":{"line":2,"column":20}}},"s":{"0":1,"1":1},"branchMap":{"0":{"type":"branch","line":1,"loc":{"start":{"line":1,"column":14},"end":{"line":1,"column":27}},"locations":[{"start":{"line":1,"column":14},"end":{"line":1,"column":27}}]}},"b":{"0":[2]},"fnMap":{"0":{"name":"json","decl":{"start":{"line":1,"column":14},"end":{"line":1,"column":27}},"loc":{"start":{"line":1,"column":14},"end":{"line":1,"column":27}},"line":1}},"f":{"0":2}}
,"/home/nikolos/frontend-project-lvl2/src/formater/plain.js": {"path":"/home/nikolos/frontend-project-lvl2/src/formater/plain.js","all":false,"statementMap":{"0":{"start":{"line":1,"column":0},"end":{"line":1,"column":23}},"1":{"start":{"line":2,"column":0},"end":{"line":2,"column":0}},"2":{"start":{"line":3,"column":0},"end":{"line":3,"column":28}},"3":{"start":{"line":4,"column":0},"end":{"line":4,"column":27}},"4":{"start":{"line":5,"column":0},"end":{"line":5,"column":29}},"5":{"start":{"line":6,"column":0},"end":{"line":6,"column":3}},"6":{"start":{"line":7,"column":0},"end":{"line":7,"column":73}},"7":{"start":{"line":8,"column":0},"end":{"line":8,"column":2}},"8":{"start":{"line":9,"column":0},"end":{"line":9,"column":0}},"9":{"start":{"line":10,"column":0},"end":{"line":10,"column":25}},"10":{"start":{"line":11,"column":0},"end":{"line":11,"column":41}},"11":{"start":{"line":12,"column":0},"end":{"line":12,"column":75}},"12":{"start":{"line":13,"column":0},"end":{"line":13,"column":22}},"13":{"start":{"line":14,"column":0},"end":{"line":14,"column":44}},"14":{"start":{"line":15,"column":0},"end":{"line":15,"column":36}},"15":{"start":{"line":16,"column":0},"end":{"line":16,"column":92}},"16":{"start":{"line":17,"column":0},"end":{"line":17,"column":9}},"17":{"start":{"line":18,"column":0},"end":{"line":18,"column":38}},"18":{"start":{"line":19,"column":0},"end":{"line":19,"column":58}},"19":{"start":{"line":20,"column":0},"end":{"line":20,"column":9}},"20":{"start":{"line":21,"column":0},"end":{"line":21,"column":38}},"21":{"start":{"line":22,"column":0},"end":{"line":22,"column":117}},"22":{"start":{"line":23,"column":0},"end":{"line":23,"column":9}},"23":{"start":{"line":24,"column":0},"end":{"line":24,"column":37}},"24":{"start":{"line":25,"column":0},"end":{"line":25,"column":9}},"25":{"start":{"line":26,"column":0},"end":{"line":26,"column":29}},"26":{"start":{"line":27,"column":0},"end":{"line":27,"column":4}},"27":{"start":{"line":28,"column":0},"end":{"line":28,"column":29}},"28":{"start":{"line":29,"column":0},"end":{"line":29,"column":2}},"29":{"start":{"line":30,"column":0},"end":{"line":30,"column":0}},"30":{"start":{"line":31,"column":0},"end":{"line":31,"column":21}}},"s":{"0":1,"1":1,"2":1,"3":26,"4":6,"5":6,"6":26,"7":26,"8":1,"9":1,"10":2,"11":10,"12":10,"13":30,"14":30,"15":10,"16":10,"17":30,"18":4,"19":4,"20":30,"21":8,"22":8,"23":8,"24":8,"25":10,"26":10,"27":2,"28":2,"29":1,"30":1},"branchMap":{"0":{"type":"branch","line":3,"loc":{"start":{"line":3,"column":18},"end":{"line":8,"column":2}},"locations":[{"start":{"line":3,"column":18},"end":{"line":8,"column":2}}]},"1":{"type":"branch","line":4,"loc":{"start":{"line":4,"column":26},"end":{"line":6,"column":3}},"locations":[{"start":{"line":4,"column":26},"end":{"line":6,"column":3}}]},"2":{"type":"branch","line":7,"loc":{"start":{"line":7,"column":-1},"end":{"line":7,"column":16}},"locations":[{"start":{"line":7,"column":-1},"end":{"line":7,"column":16}}]},"3":{"type":"branch","line":7,"loc":{"start":{"line":7,"column":9},"end":{"line":7,"column":54}},"locations":[{"start":{"line":7,"column":9},"end":{"line":7,"column":54}}]},"4":{"type":"branch","line":7,"loc":{"start":{"line":7,"column":9},"end":{"line":7,"column":62}},"locations":[{"start":{"line":7,"column":9},"end":{"line":7,"column":62}}]},"5":{"type":"branch","line":7,"loc":{"start":{"line":7,"column":9},"end":{"line":7,"column":73}},"locations":[{"start":{"line":7,"column":9},"end":{"line":7,"column":73}}]},"6":{"type":"branch","line":10,"loc":{"start":{"line":10,"column":15},"end":{"line":29,"column":2}},"locations":[{"start":{"line":10,"column":15},"end":{"line":29,"column":2}}]},"7":{"type":"branch","line":11,"loc":{"start":{"line":11,"column":15},"end":{"line":27,"column":4}},"locations":[{"start":{"line":11,"column":15},"end":{"line":27,"column":4}}]},"8":{"type":"branch","line":12,"loc":{"start":{"line":12,"column":40},"end":{"line":12,"column":75}},"locations":[{"start":{"line":12,"column":40},"end":{"line":12,"column":75}}]},"9":{"type":"branch","line":13,"loc":{"start":{"line":13,"column":12},"end":{"line":25,"column":9}},"locations":[{"start":{"line":13,"column":12},"end":{"line":25,"column":9}}]},"10":{"type":"branch","line":15,"loc":{"start":{"line":15,"column":35},"end":{"line":17,"column":9}},"locations":[{"start":{"line":15,"column":35},"end":{"line":17,"column":9}}]},"11":{"type":"branch","line":18,"loc":{"start":{"line":18,"column":-1},"end":{"line":18,"column":12}},"locations":[{"start":{"line":18,"column":-1},"end":{"line":18,"column":12}}]},"12":{"type":"branch","line":18,"loc":{"start":{"line":18,"column":37},"end":{"line":20,"column":9}},"locations":[{"start":{"line":18,"column":37},"end":{"line":20,"column":9}}]},"13":{"type":"branch","line":21,"loc":{"start":{"line":21,"column":-1},"end":{"line":21,"column":12}},"locations":[{"start":{"line":21,"column":-1},"end":{"line":21,"column":12}}]},"14":{"type":"branch","line":21,"loc":{"start":{"line":21,"column":37},"end":{"line":25,"column":9}},"locations":[{"start":{"line":21,"column":37},"end":{"line":25,"column":9}}]}},"b":{"0":[26],"1":[6],"2":[20],"3":[16],"4":[6],"5":[14],"6":[2],"7":[10],"8":[36],"9":[30],"10":[10],"11":[20],"12":[4],"13":[16],"14":[8]},"fnMap":{"0":{"name":"isObject","decl":{"start":{"line":3,"column":18},"end":{"line":8,"column":2}},"loc":{"start":{"line":3,"column":18},"end":{"line":8,"column":2}},"line":3},"1":{"name":"plain","decl":{"start":{"line":10,"column":15},"end":{"line":29,"column":2}},"loc":{"start":{"line":10,"column":15},"end":{"line":29,"column":2}},"line":10},"2":{"name":"iter","decl":{"start":{"line":11,"column":15},"end":{"line":27,"column":4}},"loc":{"start":{"line":11,"column":15},"end":{"line":27,"column":4}},"line":11}},"f":{"0":26,"1":2,"2":10}}
,"/home/nikolos/frontend-project-lvl2/src/formater/stylish.js": {"path":"/home/nikolos/frontend-project-lvl2/src/formater/stylish.js","all":false,"statementMap":{"0":{"start":{"line":1,"column":0},"end":{"line":1,"column":23}},"1":{"start":{"line":2,"column":0},"end":{"line":2,"column":0}},"2":{"start":{"line":3,"column":0},"end":{"line":3,"column":35}},"3":{"start":{"line":4,"column":0},"end":{"line":4,"column":35}},"4":{"start":{"line":5,"column":0},"end":{"line":5,"column":47}},"5":{"start":{"line":6,"column":0},"end":{"line":6,"column":51}},"6":{"start":{"line":7,"column":0},"end":{"line":7,"column":28}},"7":{"start":{"line":8,"column":0},"end":{"line":8,"column":24}},"8":{"start":{"line":9,"column":0},"end":{"line":9,"column":3}},"9":{"start":{"line":10,"column":0},"end":{"line":10,"column":118}},"10":{"start":{"line":11,"column":0},"end":{"line":11,"column":53}},"11":{"start":{"line":12,"column":0},"end":{"line":12,"column":2}},"12":{"start":{"line":13,"column":0},"end":{"line":13,"column":0}},"13":{"start":{"line":14,"column":0},"end":{"line":14,"column":27}},"14":{"start":{"line":15,"column":0},"end":{"line":15,"column":41}},"15":{"start":{"line":16,"column":0},"end":{"line":16,"column":37}},"16":{"start":{"line":17,"column":0},"end":{"line":17,"column":49}},"17":{"start":{"line":18,"column":0},"end":{"line":18,"column":47}},"18":{"start":{"line":19,"column":0},"end":{"line":19,"column":34}},"19":{"start":{"line":20,"column":0},"end":{"line":20,"column":84}},"20":{"start":{"line":21,"column":0},"end":{"line":21,"column":7}},"21":{"start":{"line":22,"column":0},"end":{"line":22,"column":36}},"22":{"start":{"line":23,"column":0},"end":{"line":23,"column":84}},"23":{"start":{"line":24,"column":0},"end":{"line":24,"column":7}},"24":{"start":{"line":25,"column":0},"end":{"line":25,"column":38}},"25":{"start":{"line":26,"column":0},"end":{"line":26,"column":84}},"26":{"start":{"line":27,"column":0},"end":{"line":27,"column":7}},"27":{"start":{"line":28,"column":0},"end":{"line":28,"column":36}},"28":{"start":{"line":29,"column":0},"end":{"line":29,"column":154}},"29":{"start":{"line":30,"column":0},"end":{"line":30,"column":7}},"30":{"start":{"line":31,"column":0},"end":{"line":31,"column":102}},"31":{"start":{"line":32,"column":0},"end":{"line":32,"column":7}},"32":{"start":{"line":33,"column":0},"end":{"line":33,"column":29}},"33":{"start":{"line":34,"column":0},"end":{"line":34,"column":4}},"34":{"start":{"line":35,"column":0},"end":{"line":35,"column":34}},"35":{"start":{"line":36,"column":0},"end":{"line":36,"column":2}},"36":{"start":{"line":37,"column":0},"end":{"line":37,"column":23}}},"s":{"0":1,"1":1,"2":1,"3":54,"4":54,"5":54,"6":54,"7":40,"8":40,"9":14,"10":14,"11":14,"12":1,"13":1,"14":2,"15":10,"16":10,"17":10,"18":36,"19":10,"20":10,"21":36,"22":4,"23":4,"24":36,"25":6,"26":6,"27":36,"28":8,"29":8,"30":8,"31":8,"32":10,"33":10,"34":2,"35":2,"36":1},"branchMap":{"0":{"type":"branch","line":3,"loc":{"start":{"line":3,"column":17},"end":{"line":12,"column":2}},"locations":[{"start":{"line":3,"column":17},"end":{"line":12,"column":2}}]},"1":{"type":"branch","line":7,"loc":{"start":{"line":7,"column":27},"end":{"line":9,"column":3}},"locations":[{"start":{"line":7,"column":27},"end":{"line":9,"column":3}}]},"2":{"type":"branch","line":10,"loc":{"start":{"line":10,"column":-1},"end":{"line":12,"column":2}},"locations":[{"start":{"line":10,"column":-1},"end":{"line":12,"column":2}}]},"3":{"type":"branch","line":10,"loc":{"start":{"line":10,"column":41},"end":{"line":10,"column":118}},"locations":[{"start":{"line":10,"column":41},"end":{"line":10,"column":118}}]},"4":{"type":"branch","line":14,"loc":{"start":{"line":14,"column":17},"end":{"line":36,"column":2}},"locations":[{"start":{"line":14,"column":17},"end":{"line":36,"column":2}}]},"5":{"type":"branch","line":15,"loc":{"start":{"line":15,"column":15},"end":{"line":34,"column":4}},"locations":[{"start":{"line":15,"column":15},"end":{"line":34,"column":4}}]},"6":{"type":"branch","line":18,"loc":{"start":{"line":18,"column":37},"end":{"line":32,"column":7}},"locations":[{"start":{"line":18,"column":37},"end":{"line":32,"column":7}}]},"7":{"type":"branch","line":19,"loc":{"start":{"line":19,"column":33},"end":{"line":21,"column":7}},"locations":[{"start":{"line":19,"column":33},"end":{"line":21,"column":7}}]},"8":{"type":"branch","line":22,"loc":{"start":{"line":22,"column":-1},"end":{"line":22,"column":10}},"locations":[{"start":{"line":22,"column":-1},"end":{"line":22,"column":10}}]},"9":{"type":"branch","line":22,"loc":{"start":{"line":22,"column":35},"end":{"line":24,"column":7}},"locations":[{"start":{"line":22,"column":35},"end":{"line":24,"column":7}}]},"10":{"type":"branch","line":25,"loc":{"start":{"line":25,"column":-1},"end":{"line":25,"column":10}},"locations":[{"start":{"line":25,"column":-1},"end":{"line":25,"column":10}}]},"11":{"type":"branch","line":25,"loc":{"start":{"line":25,"column":37},"end":{"line":27,"column":7}},"locations":[{"start":{"line":25,"column":37},"end":{"line":27,"column":7}}]},"12":{"type":"branch","line":28,"loc":{"start":{"line":28,"column":-1},"end":{"line":28,"column":10}},"locations":[{"start":{"line":28,"column":-1},"end":{"line":28,"column":10}}]},"13":{"type":"branch","line":28,"loc":{"start":{"line":28,"column":35},"end":{"line":32,"column":7}},"locations":[{"start":{"line":28,"column":35},"end":{"line":32,"column":7}}]}},"b":{"0":[54],"1":[40],"2":[14],"3":[18],"4":[2],"5":[10],"6":[36],"7":[10],"8":[26],"9":[4],"10":[22],"11":[6],"12":[16],"13":[8]},"fnMap":{"0":{"name":"isObject","decl":{"start":{"line":3,"column":17},"end":{"line":12,"column":2}},"loc":{"start":{"line":3,"column":17},"end":{"line":12,"column":2}},"line":3},"1":{"name":"stylish","decl":{"start":{"line":14,"column":17},"end":{"line":36,"column":2}},"loc":{"start":{"line":14,"column":17},"end":{"line":36,"column":2}},"line":14},"2":{"name":"iter","decl":{"start":{"line":15,"column":15},"end":{"line":34,"column":4}},"loc":{"start":{"line":15,"column":15},"end":{"line":34,"column":4}},"line":15}},"f":{"0":54,"1":2,"2":10}}
}
