TN:
SF:src/convert.js
FN:4,convert
FNF:1
FNH:1
FNDA:2,convert
DA:1,1
DA:2,1
DA:3,1
DA:4,1
DA:5,2
DA:6,2
DA:7,2
DA:8,1
DA:9,1
LF:9
LH:9
BRDA:4,0,0,2
BRF:1
BRH:1
end_of_record
TN:
SF:src/index.js
FN:5,gendiff
FNF:1
FNH:1
FNDA:1,gendiff
DA:1,1
DA:2,1
DA:3,1
DA:4,1
DA:5,1
DA:6,1
DA:7,1
DA:8,1
DA:9,1
DA:10,1
DA:11,1
DA:12,1
DA:13,1
DA:14,5
DA:15,4
DA:16,4
DA:17,2
DA:18,2
DA:19,1
DA:20,1
DA:21,1
DA:22,1
DA:23,1
DA:24,5
DA:25,1
DA:26,1
DA:27,1
DA:28,1
DA:29,1
DA:30,1
LF:30
LH:30
BRDA:5,0,0,1
BRDA:13,1,0,5
BRDA:14,2,0,1
BRDA:14,3,0,4
BRDA:16,4,0,2
BRDA:18,5,0,1
BRF:6
BRH:6
end_of_record
