TN:
SF:src/diffGenerator.js
FN:3,buildDiff
FNF:1
FNH:1
FNDA:12,buildDiff
DA:1,1
DA:2,1
DA:3,1
DA:4,12
DA:5,12
DA:6,12
DA:7,12
DA:8,46
DA:9,12
DA:10,12
DA:11,46
DA:12,8
DA:13,8
DA:14,46
DA:15,8
DA:16,8
DA:17,8
DA:18,8
DA:19,46
DA:20,8
DA:21,8
DA:22,10
DA:23,10
DA:24,10
DA:25,10
DA:26,12
DA:27,12
DA:28,1
LF:28
LH:28
BRDA:3,0,0,12
BRDA:7,1,0,46
BRDA:8,2,0,12
BRDA:11,3,0,34
BRDA:11,4,0,8
BRDA:14,5,0,26
BRDA:14,6,0,10
BRDA:14,7,0,8
BRDA:19,8,0,18
BRDA:19,9,0,8
BRDA:22,10,0,10
BRF:11
BRH:11
end_of_record
TN:
SF:src/index.js
FN:5,gendiff
FNF:1
FNH:1
FNDA:4,gendiff
DA:1,1
DA:2,1
DA:3,1
DA:4,1
DA:5,1
DA:6,4
DA:7,4
DA:8,4
DA:9,1
LF:9
LH:9
BRDA:5,0,0,4
BRF:1
BRH:1
end_of_record
TN:
SF:src/parsers.js
FN:5,parsers
FNF:1
FNH:1
FNDA:8,parsers
DA:1,1
DA:2,1
DA:3,1
DA:4,1
DA:5,1
DA:6,8
DA:7,8
DA:8,8
DA:9,8
DA:10,4
DA:11,4
DA:12,4
DA:13,4
DA:14,8
DA:15,8
DA:16,1
DA:17,1
LF:17
LH:17
BRDA:5,0,0,8
BRDA:9,1,0,4
BRDA:11,2,0,0
BRF:3
BRH:2
end_of_record
TN:
SF:src/formater/index.js
FN:4,format
FNF:1
FNH:1
FNDA:4,format
DA:1,1
DA:2,1
DA:3,1
DA:4,1
DA:5,4
DA:6,4
DA:7,4
DA:8,4
DA:9,4
DA:10,4
DA:11,4
DA:12,4
DA:13,4
DA:14,1
LF:14
LH:14
BRDA:4,0,0,4
BRDA:8,1,0,0
BRDA:10,2,0,0
BRF:3
BRH:1
end_of_record
TN:
SF:src/formater/plain.js
FN:3,isObject
FN:10,plain
FNF:2
FNH:0
FNDA:0,isObject
FNDA:0,plain
DA:1,1
DA:2,1
DA:3,1
DA:4,0
DA:5,0
DA:6,0
DA:7,0
DA:8,0
DA:9,1
DA:10,1
DA:11,0
DA:12,0
DA:13,0
DA:14,0
DA:15,0
DA:16,0
DA:17,0
DA:18,0
DA:19,0
DA:20,0
DA:21,0
DA:22,0
DA:23,0
DA:24,0
DA:25,0
DA:26,0
DA:27,0
DA:28,0
DA:29,0
DA:30,1
DA:31,1
LF:31
LH:7
BRF:0
BRH:0
end_of_record
TN:
SF:src/formater/stylish.js
FN:3,isObject
FN:14,stylish
FN:15,iter
FNF:3
FNH:3
FNDA:66,isObject
FNDA:4,stylish
FNDA:12,iter
DA:1,1
DA:2,1
DA:3,1
DA:4,66
DA:5,66
DA:6,66
DA:7,66
DA:8,52
DA:9,52
DA:10,14
DA:11,14
DA:12,14
DA:13,1
DA:14,1
DA:15,4
DA:16,12
DA:17,12
DA:18,12
DA:19,46
DA:20,12
DA:21,12
DA:22,46
DA:23,8
DA:24,8
DA:25,46
DA:26,8
DA:27,8
DA:28,46
DA:29,10
DA:30,10
DA:31,8
DA:32,8
DA:33,12
DA:34,12
DA:35,4
DA:36,4
DA:37,1
LF:37
LH:37
BRDA:3,0,0,66
BRDA:7,1,0,52
BRDA:10,2,0,14
BRDA:10,3,0,18
BRDA:14,4,0,4
BRDA:15,5,0,12
BRDA:18,6,0,46
BRDA:19,7,0,12
BRDA:22,8,0,34
BRDA:22,9,0,8
BRDA:25,10,0,26
BRDA:25,11,0,8
BRDA:28,12,0,18
BRDA:28,13,0,10
BRDA:31,14,0,8
BRF:15
BRH:15
end_of_record
